G:\BUNDLER-V0.4-SOURCE\LIB\PBA\BIN\PBA.DLL
G:\bundler-v0.4-source\lib\pba\bin\pba.exp
G:\bundler-v0.4-source\lib\pba\bin\pba.lib
G:\bundler-v0.4-source\lib\pba\msvc\pba\..\..\bin\pba.dll
G:\bundler-v0.4-source\lib\pba\msvc\pba\Release\cl.command.1.tlog
G:\bundler-v0.4-source\lib\pba\msvc\pba\Release\CL.read.1.tlog
G:\bundler-v0.4-source\lib\pba\msvc\pba\Release\CL.write.1.tlog
G:\BUNDLER-V0.4-SOURCE\LIB\PBA\MSVC\PBA\RELEASE\CONFIGBA.OBJ
G:\bundler-v0.4-source\lib\pba\msvc\pba\Release\custombuild.command.1.tlog
G:\bundler-v0.4-source\lib\pba\msvc\pba\Release\custombuild.read.1.tlog
G:\bundler-v0.4-source\lib\pba\msvc\pba\Release\custombuild.write.1.tlog
G:\BUNDLER-V0.4-SOURCE\LIB\PBA\MSVC\PBA\RELEASE\CUTEXIMAGE.OBJ
G:\bundler-v0.4-source\lib\pba\msvc\pba\Release\link.command.1.tlog
G:\bundler-v0.4-source\lib\pba\msvc\pba\Release\link.read.1.tlog
G:\bundler-v0.4-source\lib\pba\msvc\pba\Release\link.write.1.tlog
G:\bundler-v0.4-source\lib\pba\msvc\pba\Release\mt.command.1.tlog
G:\bundler-v0.4-source\lib\pba\msvc\pba\Release\mt.read.1.tlog
G:\bundler-v0.4-source\lib\pba\msvc\pba\Release\mt.write.1.tlog
G:\BUNDLER-V0.4-SOURCE\LIB\PBA\MSVC\PBA\RELEASE\PBA.DLL.INTERMEDIATE.MANIFEST
G:\BUNDLER-V0.4-SOURCE\LIB\PBA\MSVC\PBA\RELEASE\PBA.OBJ
G:\bundler-v0.4-source\lib\pba\msvc\pba\Release\pba.write.1.tlog
G:\BUNDLER-V0.4-SOURCE\LIB\PBA\MSVC\PBA\RELEASE\PROGRAMCU.OBJ
G:\BUNDLER-V0.4-SOURCE\LIB\PBA\MSVC\PBA\RELEASE\SPARSEBUNDLECPU.OBJ
G:\BUNDLER-V0.4-SOURCE\LIB\PBA\MSVC\PBA\RELEASE\SPARSEBUNDLECU.OBJ
G:\BUNDLER-V0.4-SOURCE\LIB\PBA\MSVC\PBA\RELEASE\VC100.PDB
