..\..\bin\pba_x64_d.ilk
..\..\bin\pba_x64_d.pdb
E:\brojo\AutoCalibration.007_apurbaaGoingTOLM_outlier_change_conn_comp_ceres - tr\pba\msvc\pba\..\..\bin\pba_x64_d.dll
E:\brojo\AutoCalibration.007_apurbaaGoingTOLM_outlier_change_conn_comp_ceres - tr\pba\msvc\pba\Debug_x64\cl.command.1.tlog
E:\brojo\AutoCalibration.007_apurbaaGoingTOLM_outlier_change_conn_comp_ceres - tr\pba\msvc\pba\Debug_x64\CL.read.1.tlog
E:\brojo\AutoCalibration.007_apurbaaGoingTOLM_outlier_change_conn_comp_ceres - tr\pba\msvc\pba\Debug_x64\CL.write.1.tlog
E:\brojo\AutoCalibration.007_apurbaaGoingTOLM_outlier_change_conn_comp_ceres - tr\pba\msvc\pba\Debug_x64\ConfigBA.obj
E:\brojo\AutoCalibration.007_apurbaaGoingTOLM_outlier_change_conn_comp_ceres - tr\pba\msvc\pba\Debug_x64\custombuild.command.1.tlog
E:\brojo\AutoCalibration.007_apurbaaGoingTOLM_outlier_change_conn_comp_ceres - tr\pba\msvc\pba\Debug_x64\custombuild.read.1.tlog
E:\brojo\AutoCalibration.007_apurbaaGoingTOLM_outlier_change_conn_comp_ceres - tr\pba\msvc\pba\Debug_x64\custombuild.write.1.tlog
E:\brojo\AutoCalibration.007_apurbaaGoingTOLM_outlier_change_conn_comp_ceres - tr\pba\msvc\pba\Debug_x64\CuTexImage.obj
E:\brojo\AutoCalibration.007_apurbaaGoingTOLM_outlier_change_conn_comp_ceres - tr\pba\msvc\pba\Debug_x64\link.command.1.tlog
E:\brojo\AutoCalibration.007_apurbaaGoingTOLM_outlier_change_conn_comp_ceres - tr\pba\msvc\pba\Debug_x64\link.read.1.tlog
E:\brojo\AutoCalibration.007_apurbaaGoingTOLM_outlier_change_conn_comp_ceres - tr\pba\msvc\pba\Debug_x64\link.write.1.tlog
E:\brojo\AutoCalibration.007_apurbaaGoingTOLM_outlier_change_conn_comp_ceres - tr\pba\msvc\pba\Debug_x64\mt.command.1.tlog
E:\brojo\AutoCalibration.007_apurbaaGoingTOLM_outlier_change_conn_comp_ceres - tr\pba\msvc\pba\Debug_x64\mt.read.1.tlog
E:\brojo\AutoCalibration.007_apurbaaGoingTOLM_outlier_change_conn_comp_ceres - tr\pba\msvc\pba\Debug_x64\mt.write.1.tlog
E:\brojo\AutoCalibration.007_apurbaaGoingTOLM_outlier_change_conn_comp_ceres - tr\pba\msvc\pba\Debug_x64\pba.obj
E:\brojo\AutoCalibration.007_apurbaaGoingTOLM_outlier_change_conn_comp_ceres - tr\pba\msvc\pba\Debug_x64\pba.vcxprojResolveAssemblyReference.cache
E:\brojo\AutoCalibration.007_apurbaaGoingTOLM_outlier_change_conn_comp_ceres - tr\pba\msvc\pba\Debug_x64\pba.write.1.tlog
E:\brojo\AutoCalibration.007_apurbaaGoingTOLM_outlier_change_conn_comp_ceres - tr\pba\msvc\pba\Debug_x64\pba_x64_d.dll.intermediate.manifest
E:\brojo\AutoCalibration.007_apurbaaGoingTOLM_outlier_change_conn_comp_ceres - tr\pba\msvc\pba\Debug_x64\ProgramCU.obj
E:\brojo\AutoCalibration.007_apurbaaGoingTOLM_outlier_change_conn_comp_ceres - tr\pba\msvc\pba\Debug_x64\SparseBundleCPU.obj
E:\brojo\AutoCalibration.007_apurbaaGoingTOLM_outlier_change_conn_comp_ceres - tr\pba\msvc\pba\Debug_x64\SparseBundleCU.obj
E:\brojo\AutoCalibration.007_apurbaaGoingTOLM_outlier_change_conn_comp_ceres - tr\pba\msvc\pba\Debug_x64\vc100.pdb
G:\BROJO\ONE-SHOT_FRAMEWRKS\AUTOCALIBRATION.007_APURBAAGOINGTOLM\PBA\BIN\PBA_X64_D.DLL
G:\BROJO\one-shot_framewrks\AutoCalibration.007_apurbaaGoingTOLM\pba\bin\pba_x64_d.exp
G:\BROJO\ONE-SHOT_FRAMEWRKS\AUTOCALIBRATION.007_APURBAAGOINGTOLM\PBA\BIN\PBA_X64_D.ILK
G:\BROJO\one-shot_framewrks\AutoCalibration.007_apurbaaGoingTOLM\pba\bin\pba_x64_d.lib
G:\BROJO\ONE-SHOT_FRAMEWRKS\AUTOCALIBRATION.007_APURBAAGOINGTOLM\PBA\BIN\PBA_X64_D.PDB
G:\BROJO\ONE-SHOT_FRAMEWRKS\AUTOCALIBRATION.007_APURBAAGOINGTOLM\PBA\MSVC\PBA\DEBUG_X64\CONFIGBA.OBJ
G:\BROJO\ONE-SHOT_FRAMEWRKS\AUTOCALIBRATION.007_APURBAAGOINGTOLM\PBA\MSVC\PBA\DEBUG_X64\CUTEXIMAGE.OBJ
G:\BROJO\ONE-SHOT_FRAMEWRKS\AUTOCALIBRATION.007_APURBAAGOINGTOLM\PBA\MSVC\PBA\DEBUG_X64\PBA.OBJ
G:\BROJO\ONE-SHOT_FRAMEWRKS\AUTOCALIBRATION.007_APURBAAGOINGTOLM\PBA\MSVC\PBA\DEBUG_X64\PBA_X64_D.DLL.INTERMEDIATE.MANIFEST
G:\BROJO\ONE-SHOT_FRAMEWRKS\AUTOCALIBRATION.007_APURBAAGOINGTOLM\PBA\MSVC\PBA\DEBUG_X64\PROGRAMCU.OBJ
G:\BROJO\ONE-SHOT_FRAMEWRKS\AUTOCALIBRATION.007_APURBAAGOINGTOLM\PBA\MSVC\PBA\DEBUG_X64\SPARSEBUNDLECPU.OBJ
G:\BROJO\ONE-SHOT_FRAMEWRKS\AUTOCALIBRATION.007_APURBAAGOINGTOLM\PBA\MSVC\PBA\DEBUG_X64\SPARSEBUNDLECU.OBJ
G:\BROJO\ONE-SHOT_FRAMEWRKS\AUTOCALIBRATION.007_APURBAAGOINGTOLM\PBA\MSVC\PBA\DEBUG_X64\VC100.PDB
G:\BROJO\ONE-SHOT_FRAMEWRKS\AUTOCALIBRATION.007_APURBAAGOINGTOLM_OUTLIER_CHANGE\PBA\BIN\PBA_X64_D.DLL
G:\BROJO\one-shot_framewrks\AutoCalibration.007_apurbaaGoingTOLM_outlier_change\pba\bin\pba_x64_d.exp
G:\BROJO\ONE-SHOT_FRAMEWRKS\AUTOCALIBRATION.007_APURBAAGOINGTOLM_OUTLIER_CHANGE\PBA\BIN\PBA_X64_D.ILK
G:\BROJO\one-shot_framewrks\AutoCalibration.007_apurbaaGoingTOLM_outlier_change\pba\bin\pba_x64_d.lib
G:\BROJO\ONE-SHOT_FRAMEWRKS\AUTOCALIBRATION.007_APURBAAGOINGTOLM_OUTLIER_CHANGE\PBA\BIN\PBA_X64_D.PDB
G:\BROJO\ONE-SHOT_FRAMEWRKS\AUTOCALIBRATION.007_APURBAAGOINGTOLM_OUTLIER_CHANGE\PBA\MSVC\PBA\DEBUG_X64\CONFIGBA.OBJ
G:\BROJO\ONE-SHOT_FRAMEWRKS\AUTOCALIBRATION.007_APURBAAGOINGTOLM_OUTLIER_CHANGE\PBA\MSVC\PBA\DEBUG_X64\CUTEXIMAGE.OBJ
G:\BROJO\ONE-SHOT_FRAMEWRKS\AUTOCALIBRATION.007_APURBAAGOINGTOLM_OUTLIER_CHANGE\PBA\MSVC\PBA\DEBUG_X64\PBA.OBJ
G:\BROJO\ONE-SHOT_FRAMEWRKS\AUTOCALIBRATION.007_APURBAAGOINGTOLM_OUTLIER_CHANGE\PBA\MSVC\PBA\DEBUG_X64\PBA_X64_D.DLL.INTERMEDIATE.MANIFEST
G:\BROJO\ONE-SHOT_FRAMEWRKS\AUTOCALIBRATION.007_APURBAAGOINGTOLM_OUTLIER_CHANGE\PBA\MSVC\PBA\DEBUG_X64\PROGRAMCU.OBJ
G:\BROJO\ONE-SHOT_FRAMEWRKS\AUTOCALIBRATION.007_APURBAAGOINGTOLM_OUTLIER_CHANGE\PBA\MSVC\PBA\DEBUG_X64\SPARSEBUNDLECPU.OBJ
G:\BROJO\ONE-SHOT_FRAMEWRKS\AUTOCALIBRATION.007_APURBAAGOINGTOLM_OUTLIER_CHANGE\PBA\MSVC\PBA\DEBUG_X64\SPARSEBUNDLECU.OBJ
G:\BROJO\ONE-SHOT_FRAMEWRKS\AUTOCALIBRATION.007_APURBAAGOINGTOLM_OUTLIER_CHANGE\PBA\MSVC\PBA\DEBUG_X64\VC100.PDB
G:\BROJO\ONE-SHOT_FRAMEWRKS\AUTOCALIBRATION.007_APURBAAGOINGTOLM_OUTLIER_CHANGE_CONN_COMP\PBA\BIN\PBA_X64_D.DLL
G:\BROJO\one-shot_framewrks\AutoCalibration.007_apurbaaGoingTOLM_outlier_change_conn_comp\pba\bin\pba_x64_d.exp
G:\BROJO\ONE-SHOT_FRAMEWRKS\AUTOCALIBRATION.007_APURBAAGOINGTOLM_OUTLIER_CHANGE_CONN_COMP\PBA\BIN\PBA_X64_D.ILK
G:\BROJO\one-shot_framewrks\AutoCalibration.007_apurbaaGoingTOLM_outlier_change_conn_comp\pba\bin\pba_x64_d.lib
G:\BROJO\ONE-SHOT_FRAMEWRKS\AUTOCALIBRATION.007_APURBAAGOINGTOLM_OUTLIER_CHANGE_CONN_COMP\PBA\BIN\PBA_X64_D.PDB
G:\BROJO\ONE-SHOT_FRAMEWRKS\AUTOCALIBRATION.007_APURBAAGOINGTOLM_OUTLIER_CHANGE_CONN_COMP\PBA\MSVC\PBA\DEBUG_X64\CONFIGBA.OBJ
G:\BROJO\ONE-SHOT_FRAMEWRKS\AUTOCALIBRATION.007_APURBAAGOINGTOLM_OUTLIER_CHANGE_CONN_COMP\PBA\MSVC\PBA\DEBUG_X64\CUTEXIMAGE.OBJ
G:\BROJO\ONE-SHOT_FRAMEWRKS\AUTOCALIBRATION.007_APURBAAGOINGTOLM_OUTLIER_CHANGE_CONN_COMP\PBA\MSVC\PBA\DEBUG_X64\PBA.OBJ
G:\BROJO\ONE-SHOT_FRAMEWRKS\AUTOCALIBRATION.007_APURBAAGOINGTOLM_OUTLIER_CHANGE_CONN_COMP\PBA\MSVC\PBA\DEBUG_X64\PBA_X64_D.DLL.INTERMEDIATE.MANIFEST
G:\BROJO\ONE-SHOT_FRAMEWRKS\AUTOCALIBRATION.007_APURBAAGOINGTOLM_OUTLIER_CHANGE_CONN_COMP\PBA\MSVC\PBA\DEBUG_X64\PROGRAMCU.OBJ
G:\BROJO\ONE-SHOT_FRAMEWRKS\AUTOCALIBRATION.007_APURBAAGOINGTOLM_OUTLIER_CHANGE_CONN_COMP\PBA\MSVC\PBA\DEBUG_X64\SPARSEBUNDLECPU.OBJ
G:\BROJO\ONE-SHOT_FRAMEWRKS\AUTOCALIBRATION.007_APURBAAGOINGTOLM_OUTLIER_CHANGE_CONN_COMP\PBA\MSVC\PBA\DEBUG_X64\SPARSEBUNDLECU.OBJ
G:\BROJO\ONE-SHOT_FRAMEWRKS\AUTOCALIBRATION.007_APURBAAGOINGTOLM_OUTLIER_CHANGE_CONN_COMP\PBA\MSVC\PBA\DEBUG_X64\VC100.PDB
G:\BROJO\ONE-SHOT_FRAMEWRKS\PBA\BIN\PBA_X64_D.DLL
G:\BROJO\one-shot_framewrks\pba\bin\pba_x64_d.exp
G:\BROJO\ONE-SHOT_FRAMEWRKS\PBA\BIN\PBA_X64_D.ILK
G:\BROJO\one-shot_framewrks\pba\bin\pba_x64_d.lib
G:\BROJO\ONE-SHOT_FRAMEWRKS\PBA\BIN\PBA_X64_D.PDB
G:\BROJO\ONE-SHOT_FRAMEWRKS\PBA\MSVC\PBA\DEBUG_X64\CONFIGBA.OBJ
G:\BROJO\ONE-SHOT_FRAMEWRKS\PBA\MSVC\PBA\DEBUG_X64\CUTEXIMAGE.OBJ
G:\BROJO\ONE-SHOT_FRAMEWRKS\PBA\MSVC\PBA\DEBUG_X64\PBA.OBJ
G:\BROJO\ONE-SHOT_FRAMEWRKS\PBA\MSVC\PBA\DEBUG_X64\PBA_X64_D.DLL.INTERMEDIATE.MANIFEST
G:\BROJO\ONE-SHOT_FRAMEWRKS\PBA\MSVC\PBA\DEBUG_X64\PROGRAMCU.OBJ
G:\BROJO\ONE-SHOT_FRAMEWRKS\PBA\MSVC\PBA\DEBUG_X64\SPARSEBUNDLECPU.OBJ
G:\BROJO\ONE-SHOT_FRAMEWRKS\PBA\MSVC\PBA\DEBUG_X64\SPARSEBUNDLECU.OBJ
G:\BROJO\ONE-SHOT_FRAMEWRKS\PBA\MSVC\PBA\DEBUG_X64\VC100.PDB
G:\BUNDLER-V0.4-SOURCE\LIB\PBA\BIN\PBA_X64_D.DLL
G:\bundler-v0.4-source\lib\pba\bin\pba_x64_d.exp
G:\BUNDLER-V0.4-SOURCE\LIB\PBA\BIN\PBA_X64_D.ILK
G:\bundler-v0.4-source\lib\pba\bin\pba_x64_d.lib
G:\BUNDLER-V0.4-SOURCE\LIB\PBA\BIN\PBA_X64_D.PDB
G:\BUNDLER-V0.4-SOURCE\LIB\PBA\MSVC\PBA\DEBUG_X64\CONFIGBA.OBJ
G:\BUNDLER-V0.4-SOURCE\LIB\PBA\MSVC\PBA\DEBUG_X64\CUTEXIMAGE.OBJ
G:\BUNDLER-V0.4-SOURCE\LIB\PBA\MSVC\PBA\DEBUG_X64\PBA.OBJ
G:\BUNDLER-V0.4-SOURCE\LIB\PBA\MSVC\PBA\DEBUG_X64\PBA_X64_D.DLL.INTERMEDIATE.MANIFEST
G:\BUNDLER-V0.4-SOURCE\LIB\PBA\MSVC\PBA\DEBUG_X64\PROGRAMCU.OBJ
G:\BUNDLER-V0.4-SOURCE\LIB\PBA\MSVC\PBA\DEBUG_X64\SPARSEBUNDLECPU.OBJ
G:\BUNDLER-V0.4-SOURCE\LIB\PBA\MSVC\PBA\DEBUG_X64\SPARSEBUNDLECU.OBJ
G:\BUNDLER-V0.4-SOURCE\LIB\PBA\MSVC\PBA\DEBUG_X64\VC100.PDB
N:\BROJO\ONE-SHOT_FRAMEWRKS\AUTOCALIBRATION.007_APURBAAGOINGTOLM_OUTLIER_CHANGE_CONN_COMP_CERES\PBA\BIN\PBA_X64_D.DLL
N:\BROJO\one-shot_framewrks\AutoCalibration.007_apurbaaGoingTOLM_outlier_change_conn_comp_ceres\pba\bin\pba_x64_d.exp
N:\BROJO\ONE-SHOT_FRAMEWRKS\AUTOCALIBRATION.007_APURBAAGOINGTOLM_OUTLIER_CHANGE_CONN_COMP_CERES\PBA\BIN\PBA_X64_D.ILK
N:\BROJO\one-shot_framewrks\AutoCalibration.007_apurbaaGoingTOLM_outlier_change_conn_comp_ceres\pba\bin\pba_x64_d.lib
N:\BROJO\ONE-SHOT_FRAMEWRKS\AUTOCALIBRATION.007_APURBAAGOINGTOLM_OUTLIER_CHANGE_CONN_COMP_CERES\PBA\BIN\PBA_X64_D.PDB
N:\BROJO\ONE-SHOT_FRAMEWRKS\AUTOCALIBRATION.007_APURBAAGOINGTOLM_OUTLIER_CHANGE_CONN_COMP_CERES\PBA\MSVC\PBA\DEBUG_X64\CONFIGBA.OBJ
N:\BROJO\ONE-SHOT_FRAMEWRKS\AUTOCALIBRATION.007_APURBAAGOINGTOLM_OUTLIER_CHANGE_CONN_COMP_CERES\PBA\MSVC\PBA\DEBUG_X64\CUTEXIMAGE.OBJ
N:\BROJO\ONE-SHOT_FRAMEWRKS\AUTOCALIBRATION.007_APURBAAGOINGTOLM_OUTLIER_CHANGE_CONN_COMP_CERES\PBA\MSVC\PBA\DEBUG_X64\PBA.OBJ
N:\BROJO\ONE-SHOT_FRAMEWRKS\AUTOCALIBRATION.007_APURBAAGOINGTOLM_OUTLIER_CHANGE_CONN_COMP_CERES\PBA\MSVC\PBA\DEBUG_X64\PBA_X64_D.DLL.INTERMEDIATE.MANIFEST
N:\BROJO\ONE-SHOT_FRAMEWRKS\AUTOCALIBRATION.007_APURBAAGOINGTOLM_OUTLIER_CHANGE_CONN_COMP_CERES\PBA\MSVC\PBA\DEBUG_X64\PROGRAMCU.OBJ
N:\BROJO\ONE-SHOT_FRAMEWRKS\AUTOCALIBRATION.007_APURBAAGOINGTOLM_OUTLIER_CHANGE_CONN_COMP_CERES\PBA\MSVC\PBA\DEBUG_X64\SPARSEBUNDLECPU.OBJ
N:\BROJO\ONE-SHOT_FRAMEWRKS\AUTOCALIBRATION.007_APURBAAGOINGTOLM_OUTLIER_CHANGE_CONN_COMP_CERES\PBA\MSVC\PBA\DEBUG_X64\SPARSEBUNDLECU.OBJ
N:\BROJO\ONE-SHOT_FRAMEWRKS\AUTOCALIBRATION.007_APURBAAGOINGTOLM_OUTLIER_CHANGE_CONN_COMP_CERES\PBA\MSVC\PBA\DEBUG_X64\VC100.PDB
